app/build/intermediates/manifest_merge_blame_file/debug/manifest-merger-blame-debug-report.txt
1<?xml version="1.0" encoding="utf-8"?>
2<manifest xmlns:android="http://schemas.android.com/apk/res/android"
3    package="com.rubancreation.notes"
4    android:versionCode="3"
5    android:versionName="1.3" >
6
7    <uses-sdk
8        android:minSdkVersion="16"
8-->src\main\AndroidManifest.xml
9        android:targetSdkVersion="30" />
9-->src\main\AndroidManifest.xml
10
11    <uses-permission android:name="android.permission.INTERNET" />
11-->src\main\AndroidManifest.xml:5:5-67
11-->src\main\AndroidManifest.xml:5:22-64
12
13    <queries>
13-->[androidx.media:media:1.4.1] AndroidManifest.xml:24:5-28:15
14        <intent>
14-->[androidx.media:media:1.4.1] AndroidManifest.xml:25:9-27:18
15            <action android:name="android.media.browse.MediaBrowserService" />
15-->[androidx.media:media:1.4.1] AndroidManifest.xml:26:13-79
15-->[androidx.media:media:1.4.1] AndroidManifest.xml:26:21-76
16        </intent>
17    </queries>
18
19    <application
19-->src\main\AndroidManifest.xml:7:5-38:19
20        android:allowBackup="true"
20-->src\main\AndroidManifest.xml:8:9-35
21        android:appComponentFactory="androidx.core.app.CoreComponentFactory"
21-->[androidx.core:core:1.6.0] AndroidManifest.xml:24:18-86
22        android:debuggable="true"
23        android:icon="@mipmap/ic_launcher"
23-->src\main\AndroidManifest.xml:9:9-43
24        android:label="@string/app_name"
24-->src\main\AndroidManifest.xml:10:9-41
25        android:roundIcon="@mipmap/ic_launcher_round"
25-->src\main\AndroidManifest.xml:11:9-54
26        android:supportsRtl="true"
26-->src\main\AndroidManifest.xml:12:9-35
27        android:testOnly="true"
28        android:theme="@style/AppTheme" >
28-->src\main\AndroidManifest.xml:13:9-40
29        <activity android:name="com.rubancreation.notes.PrivacyPolicy" >
29-->src\main\AndroidManifest.xml:14:9-18:20
29-->src\main\AndroidManifest.xml:14:19-48
30            <meta-data
30-->src\main\AndroidManifest.xml:15:13-17:48
31                android:name="android.support.PARENT_ACTIVITY"
31-->src\main\AndroidManifest.xml:16:17-63
32                android:value=".MainActivity" />
32-->src\main\AndroidManifest.xml:17:17-46
33        </activity>
34        <activity android:name="com.rubancreation.notes.MainActivity" />
34-->src\main\AndroidManifest.xml:19:9-59
34-->src\main\AndroidManifest.xml:19:19-47
35        <activity android:name="com.rubancreation.notes.NoteEditorActivity" >
35-->src\main\AndroidManifest.xml:20:9-24:20
35-->src\main\AndroidManifest.xml:20:19-53
36            <meta-data
36-->src\main\AndroidManifest.xml:15:13-17:48
37                android:name="android.support.PARENT_ACTIVITY"
37-->src\main\AndroidManifest.xml:16:17-63
38                android:value=".MainActivity" />
38-->src\main\AndroidManifest.xml:17:17-46
39        </activity>
40        <activity
40-->src\main\AndroidManifest.xml:25:9-33:20
41            android:name="com.rubancreation.notes.SplashScreen"
41-->src\main\AndroidManifest.xml:26:13-41
42            android:theme="@style/Theme.AppCompat.NoActionBar" >
42-->src\main\AndroidManifest.xml:27:13-63
43            <intent-filter>
43-->src\main\AndroidManifest.xml:28:13-32:29
44                <action android:name="android.intent.action.MAIN" />
44-->src\main\AndroidManifest.xml:29:17-69
44-->src\main\AndroidManifest.xml:29:25-66
45
46                <category android:name="android.intent.category.LAUNCHER" />
46-->src\main\AndroidManifest.xml:31:17-77
46-->src\main\AndroidManifest.xml:31:27-74
47            </intent-filter>
48        </activity>
49
50        <meta-data
50-->src\main\AndroidManifest.xml:35:9-37:57
51            android:name="preloaded_fonts"
51-->src\main\AndroidManifest.xml:36:13-43
52            android:resource="@array/preloaded_fonts" />
52-->src\main\AndroidManifest.xml:37:13-54
53
54        <activity
54-->[gun0912.ted:tedpermission:2.2.0] AndroidManifest.xml:10:9-14:67
55            android:name="com.gun0912.tedpermission.TedPermissionActivity"
55-->[gun0912.ted:tedpermission:2.2.0] AndroidManifest.xml:11:13-75
56            android:configChanges="mcc|mnc|locale|keyboard|keyboardHidden|screenLayout|fontScale|uiMode|orientation|screenSize|layoutDirection"
56-->[gun0912.ted:tedpermission:2.2.0] AndroidManifest.xml:12:13-144
57            android:screenOrientation="unspecified"
57-->[gun0912.ted:tedpermission:2.2.0] AndroidManifest.xml:13:13-52
58            android:theme="@style/Theme.Transparent.Permission" />
58-->[gun0912.ted:tedpermission:2.2.0] AndroidManifest.xml:14:13-64
59    </application>
60
61</manifest>